app/build/outputs/logs/manifest-merger-debug-report.txt
-- Merging decision tree log ---
provider#android.support.v4.content.FileProvider
INJECTED from src\main\AndroidManifest.xml:161:9-169:20
	android:grantUriPermissions
		ADDED from src\main\AndroidManifest.xml:165:13-47
	android:authorities
		INJECTED from src\main\AndroidManifest.xml
		ADDED from src\main\AndroidManifest.xml:163:13-60
	android:exported
		ADDED from src\main\AndroidManifest.xml:164:13-37
	android:name
		ADDED from src\main\AndroidManifest.xml:162:13-67
manifest
ADDED from src\main\AndroidManifest.xml:2:1-173:12
INJECTED from src\main\AndroidManifest.xml:2:1-173:12
INJECTED from src\main\AndroidManifest.xml:2:1-173:12
INJECTED from src\main\AndroidManifest.xml:2:1-173:12
MERGED from [com.android.support.constraint:constraint-layout:1.1.3] AndroidManifest.xml:2:1-11:12
MERGED from [com.android.support:palette-v7:27.1.1] AndroidManifest.xml:17:1-22:12
MERGED from [com.android.support:design:27.1.1] AndroidManifest.xml:17:1-22:12
MERGED from [com.android.support:appcompat-v7:27.1.1] AndroidManifest.xml:17:1-22:12
MERGED from [com.android.support:cardview-v7:27.1.1] AndroidManifest.xml:17:1-22:12
MERGED from [io.reactivex:rxandroid:1.0.1] AndroidManifest.xml:15:1-21:12
MERGED from [com.victor:lib:1.0.4] AndroidManifest.xml:2:1-16:12
MERGED from [jp.wasabeef:glide-transformations:2.0.2] AndroidManifest.xml:2:1-12:12
MERGED from [jp.co.cyberagent.android.gpuimage:gpuimage-library:1.4.1] AndroidManifest.xml:2:1-12:12
MERGED from [com.android.support:animated-vector-drawable:27.1.1] AndroidManifest.xml:17:1-22:12
MERGED from [com.android.support:support-vector-drawable:27.1.1] AndroidManifest.xml:17:1-22:12
MERGED from [com.android.support:support-v4:27.1.1] AndroidManifest.xml:17:1-22:12
MERGED from [com.android.support:support-fragment:27.1.1] AndroidManifest.xml:17:1-22:12
MERGED from [com.android.support:recyclerview-v7:27.1.1] AndroidManifest.xml:17:1-22:12
MERGED from [com.android.support:support-core-ui:27.1.1] AndroidManifest.xml:17:1-22:12
MERGED from [com.android.support:support-core-utils:27.1.1] AndroidManifest.xml:17:1-22:12
MERGED from [com.android.support:transition:27.1.1] AndroidManifest.xml:17:1-22:12
MERGED from [com.android.support:support-media-compat:27.1.1] AndroidManifest.xml:17:1-22:12
MERGED from [com.android.support:support-compat:27.1.1] AndroidManifest.xml:17:1-22:12
MERGED from [android.arch.lifecycle:runtime:1.1.0] AndroidManifest.xml:17:1-22:12
MERGED from [android.arch.lifecycle:livedata-core:1.1.0] AndroidManifest.xml:17:1-22:12
MERGED from [android.arch.lifecycle:viewmodel:1.1.0] AndroidManifest.xml:17:1-22:12
MERGED from [android.arch.core:runtime:1.1.0] AndroidManifest.xml:17:1-22:12
INJECTED from src\main\AndroidManifest.xml:2:1-173:12
INJECTED from src\main\AndroidManifest.xml:2:1-173:12
INJECTED from src\main\AndroidManifest.xml:2:1-173:12
	package
		ADDED from src\main\AndroidManifest.xml:4:5-32
		INJECTED from src\main\AndroidManifest.xml
		INJECTED from src\main\AndroidManifest.xml
	android:versionName
		INJECTED from src\main\AndroidManifest.xml
		ADDED from src\main\AndroidManifest.xml:2:1-173:12
		INJECTED from src\main\AndroidManifest.xml
	xmlns:tools
		ADDED from src\main\AndroidManifest.xml:3:5-51
	android:versionCode
		INJECTED from src\main\AndroidManifest.xml
		ADDED from src\main\AndroidManifest.xml:2:1-173:12
		INJECTED from src\main\AndroidManifest.xml
	xmlns:android
		ADDED from src\main\AndroidManifest.xml:2:11-69
uses-permission#android.permission.WRITE_EXTERNAL_STORAGE
ADDED from src\main\AndroidManifest.xml:6:5-81
	android:name
		ADDED from src\main\AndroidManifest.xml:6:22-78
uses-permission#android.permission.READ_EXTERNAL_STORAGE
ADDED from src\main\AndroidManifest.xml:7:5-80
	android:name
		ADDED from src\main\AndroidManifest.xml:7:22-77
uses-permission#android.permission.SEND_SMS
ADDED from src\main\AndroidManifest.xml:8:5-67
	android:name
		ADDED from src\main\AndroidManifest.xml:8:22-64
uses-permission#android.permission.RECORD_AUDIO
ADDED from src\main\AndroidManifest.xml:9:5-71
	android:name
		ADDED from src\main\AndroidManifest.xml:9:22-68
uses-permission#com.duan.musicoco.permission.ACCESS_PLAY_SERVICE
ADDED from src\main\AndroidManifest.xml:11:5-88
	android:name
		ADDED from src\main\AndroidManifest.xml:11:22-85
uses-permission#android.permission.WAKE_LOCK
ADDED from src\main\AndroidManifest.xml:12:5-68
	android:name
		ADDED from src\main\AndroidManifest.xml:12:22-65
uses-permission#android.permission.INTERNET
ADDED from src\main\AndroidManifest.xml:15:5-67
	android:name
		ADDED from src\main\AndroidManifest.xml:15:22-64
uses-permission#android.permission.ACCESS_NETWORK_STATE
ADDED from src\main\AndroidManifest.xml:16:5-79
	android:name
		ADDED from src\main\AndroidManifest.xml:16:22-76
uses-permission#android.permission.READ_PHONE_STATE
ADDED from src\main\AndroidManifest.xml:17:5-75
	android:name
		ADDED from src\main\AndroidManifest.xml:17:22-72
uses-permission#android.permission.ACCESS_WIFI_STATE
ADDED from src\main\AndroidManifest.xml:18:5-76
	android:name
		ADDED from src\main\AndroidManifest.xml:18:22-73
uses-permission#android.permission.GET_TASKS
ADDED from src\main\AndroidManifest.xml:21:5-68
	android:name
		ADDED from src\main\AndroidManifest.xml:21:22-65
permission#com.duan.musicoco.permission.ACCESS_PLAY_SERVICE
ADDED from src\main\AndroidManifest.xml:23:5-25:44
	android:protectionLevel
		ADDED from src\main\AndroidManifest.xml:25:9-41
	android:name
		ADDED from src\main\AndroidManifest.xml:24:9-72
application
ADDED from src\main\AndroidManifest.xml:28:5-171:19
MERGED from [com.android.support.constraint:constraint-layout:1.1.3] AndroidManifest.xml:9:5-20
MERGED from [com.android.support.constraint:constraint-layout:1.1.3] AndroidManifest.xml:9:5-20
MERGED from [com.victor:lib:1.0.4] AndroidManifest.xml:11:5-14:19
MERGED from [com.victor:lib:1.0.4] AndroidManifest.xml:11:5-14:19
	android:supportsRtl
		ADDED from src\main\AndroidManifest.xml:34:9-35
	android:label
		ADDED from src\main\AndroidManifest.xml:32:9-41
	tools:ignore
		ADDED from src\main\AndroidManifest.xml:35:9-48
	android:roundIcon
		ADDED from src\main\AndroidManifest.xml:33:9-47
	android:icon
		ADDED from src\main\AndroidManifest.xml:31:9-36
	android:allowBackup
		ADDED from src\main\AndroidManifest.xml:30:9-35
	android:name
		ADDED from src\main\AndroidManifest.xml:29:9-32
meta-data#XIAOMI_APPID
ADDED from src\main\AndroidManifest.xml:38:9-40:52
	android:value
		ADDED from src\main\AndroidManifest.xml:40:13-49
	android:name
		ADDED from src\main\AndroidManifest.xml:39:13-40
meta-data#XIAOMI_APPKEY
ADDED from src\main\AndroidManifest.xml:41:9-43:46
	android:value
		ADDED from src\main\AndroidManifest.xml:43:13-43
	android:name
		ADDED from src\main\AndroidManifest.xml:42:13-41
activity#com.xiaomi.ad.AdActivity
ADDED from src\main\AndroidManifest.xml:46:9-51:86
	android:screenOrientation
		ADDED from src\main\AndroidManifest.xml:50:13-47
	android:exported
		ADDED from src\main\AndroidManifest.xml:49:13-37
	android:configChanges
		ADDED from src\main\AndroidManifest.xml:48:13-83
	android:theme
		ADDED from src\main\AndroidManifest.xml:51:13-83
	android:name
		ADDED from src\main\AndroidManifest.xml:47:13-52
activity#com.duan.musicoco.app.RootActivity
ADDED from src\main\AndroidManifest.xml:53:9-54
	android:name
		ADDED from src\main\AndroidManifest.xml:53:19-51
activity#com.duan.musicoco.play.PlayActivity
ADDED from src\main\AndroidManifest.xml:56:9-61:47
	android:excludeFromRecents
		ADDED from src\main\AndroidManifest.xml:58:13-46
	android:launchMode
		ADDED from src\main\AndroidManifest.xml:60:13-48
	android:hardwareAccelerated
		ADDED from src\main\AndroidManifest.xml:59:13-47
	android:theme
		ADDED from src\main\AndroidManifest.xml:61:13-44
	android:name
		ADDED from src\main\AndroidManifest.xml:57:13-46
service#com.duan.musicoco.service.PlayService
ADDED from src\main\AndroidManifest.xml:63:9-74:19
	android:process
		ADDED from src\main\AndroidManifest.xml:68:13-43
	android:enabled
		ADDED from src\main\AndroidManifest.xml:65:13-35
	android:exported
		ADDED from src\main\AndroidManifest.xml:66:13-36
	android:permission
		ADDED from src\main\AndroidManifest.xml:67:13-82
	android:name
		ADDED from src\main\AndroidManifest.xml:64:13-48
intent-filter#action:name:com.duan.musicoco.action.PLAY_SERVICE+category:name:android.intent.category.LAUNCHER
ADDED from src\main\AndroidManifest.xml:69:13-73:29
action#com.duan.musicoco.action.PLAY_SERVICE
ADDED from src\main\AndroidManifest.xml:70:17-80
	android:name
		ADDED from src\main\AndroidManifest.xml:70:25-77
category#android.intent.category.LAUNCHER
ADDED from src\main\AndroidManifest.xml:72:17-77
	android:name
		ADDED from src\main\AndroidManifest.xml:72:27-74
activity#com.duan.musicoco.app.SplashActivity
ADDED from src\main\AndroidManifest.xml:76:9-84:20
	android:theme
		ADDED from src\main\AndroidManifest.xml:78:13-51
	android:name
		ADDED from src\main\AndroidManifest.xml:77:13-47
intent-filter#action:name:android.intent.action.MAIN+category:name:android.intent.category.LAUNCHER
ADDED from src\main\AndroidManifest.xml:79:13-83:29
action#android.intent.action.MAIN
ADDED from src\main\AndroidManifest.xml:80:17-69
	android:name
		ADDED from src\main\AndroidManifest.xml:80:25-66
activity#com.duan.musicoco.main.MainActivity
ADDED from src\main\AndroidManifest.xml:85:9-90:47
	android:label
		ADDED from src\main\AndroidManifest.xml:88:13-47
	android:launchMode
		ADDED from src\main\AndroidManifest.xml:89:13-44
	android:alwaysRetainTaskState
		ADDED from src\main\AndroidManifest.xml:87:13-49
	android:theme
		ADDED from src\main\AndroidManifest.xml:90:13-44
	android:name
		ADDED from src\main\AndroidManifest.xml:86:13-46
activity#com.duan.musicoco.detail.song.SongDetailActivity
ADDED from src\main\AndroidManifest.xml:91:9-94:59
	android:launchMode
		ADDED from src\main\AndroidManifest.xml:93:13-44
	android:theme
		ADDED from src\main\AndroidManifest.xml:94:13-56
	android:name
		ADDED from src\main\AndroidManifest.xml:92:13-59
activity#com.duan.musicoco.detail.sheet.SheetDetailActivity
ADDED from src\main\AndroidManifest.xml:95:9-98:60
	android:launchMode
		ADDED from src\main\AndroidManifest.xml:97:13-44
	android:theme
		ADDED from src\main\AndroidManifest.xml:98:13-57
	android:name
		ADDED from src\main\AndroidManifest.xml:96:13-61
activity#com.duan.musicoco.sheetmodify.SheetModifyActivity
ADDED from src\main\AndroidManifest.xml:99:9-103:47
	android:label
		ADDED from src\main\AndroidManifest.xml:101:13-55
	android:launchMode
		ADDED from src\main\AndroidManifest.xml:102:13-44
	android:theme
		ADDED from src\main\AndroidManifest.xml:103:13-44
	android:name
		ADDED from src\main\AndroidManifest.xml:100:13-60
activity#com.duan.musicoco.search.SearchActivity
ADDED from src\main\AndroidManifest.xml:104:9-107:59
	android:launchMode
		ADDED from src\main\AndroidManifest.xml:106:13-44
	android:theme
		ADDED from src\main\AndroidManifest.xml:107:13-56
	android:name
		ADDED from src\main\AndroidManifest.xml:105:13-50
activity#com.duan.musicoco.rmp.RecentMostPlayActivity
ADDED from src\main\AndroidManifest.xml:108:9-117:20
	android:parentActivityName
		ADDED from src\main\AndroidManifest.xml:112:13-59
	android:label
		ADDED from src\main\AndroidManifest.xml:110:13-48
	android:launchMode
		ADDED from src\main\AndroidManifest.xml:111:13-44
	android:theme
		ADDED from src\main\AndroidManifest.xml:113:13-44
	android:name
		ADDED from src\main\AndroidManifest.xml:109:13-55
meta-data#android.support.PARENT_ACTIVITY
ADDED from src\main\AndroidManifest.xml:114:13-116:71
	android:value
		ADDED from src\main\AndroidManifest.xml:116:17-68
	android:name
		ADDED from src\main\AndroidManifest.xml:115:17-63
activity#com.duan.musicoco.main.leftnav.themecolor.ThemeColorCustomActivity
ADDED from src\main\AndroidManifest.xml:118:9-121:47
	android:label
		ADDED from src\main\AndroidManifest.xml:120:13-61
	android:theme
		ADDED from src\main\AndroidManifest.xml:121:13-44
	android:name
		ADDED from src\main\AndroidManifest.xml:119:13-77
activity#com.duan.musicoco.main.leftnav.imagewall.ImageWallActivity
ADDED from src\main\AndroidManifest.xml:122:9-125:47
	android:label
		ADDED from src\main\AndroidManifest.xml:124:13-53
	android:theme
		ADDED from src\main\AndroidManifest.xml:125:13-44
	android:name
		ADDED from src\main\AndroidManifest.xml:123:13-69
activity#com.duan.musicoco.main.leftnav.timesleep.TimeSleepActivity
ADDED from src\main\AndroidManifest.xml:126:9-129:47
	android:label
		ADDED from src\main\AndroidManifest.xml:128:13-53
	android:theme
		ADDED from src\main\AndroidManifest.xml:129:13-44
	android:name
		ADDED from src\main\AndroidManifest.xml:127:13-69
activity#com.duan.musicoco.main.leftnav.play.PlayThemeCustomActivity
ADDED from src\main\AndroidManifest.xml:130:9-133:47
	android:label
		ADDED from src\main\AndroidManifest.xml:132:13-60
	android:theme
		ADDED from src\main\AndroidManifest.xml:133:13-44
	android:name
		ADDED from src\main\AndroidManifest.xml:131:13-70
activity#com.duan.musicoco.setting.SettingsActivity
ADDED from src\main\AndroidManifest.xml:134:9-137:55
	android:label
		ADDED from src\main\AndroidManifest.xml:136:13-50
	android:theme
		ADDED from src\main\AndroidManifest.xml:137:13-52
	android:name
		ADDED from src\main\AndroidManifest.xml:135:13-53
activity#com.duan.musicoco.app.FeedBackActivity
ADDED from src\main\AndroidManifest.xml:138:9-142:55
	android:label
		ADDED from src\main\AndroidManifest.xml:140:13-52
	android:windowSoftInputMode
		ADDED from src\main\AndroidManifest.xml:142:13-52
	android:theme
		ADDED from src\main\AndroidManifest.xml:141:13-44
	android:name
		ADDED from src\main\AndroidManifest.xml:139:13-49
activity#com.duan.musicoco.app.AboutActivity
ADDED from src\main\AndroidManifest.xml:143:9-146:47
	android:label
		ADDED from src\main\AndroidManifest.xml:145:13-48
	android:theme
		ADDED from src\main\AndroidManifest.xml:146:13-44
	android:name
		ADDED from src\main\AndroidManifest.xml:144:13-46
activity#com.duan.musicoco.app.WebActivity
ADDED from src\main\AndroidManifest.xml:147:9-150:47
	android:label
		ADDED from src\main\AndroidManifest.xml:149:13-46
	android:theme
		ADDED from src\main\AndroidManifest.xml:150:13-44
	android:name
		ADDED from src\main\AndroidManifest.xml:148:13-44
activity#com.duan.musicoco.app.MeActivity
ADDED from src\main\AndroidManifest.xml:151:9-154:47
	android:label
		ADDED from src\main\AndroidManifest.xml:153:13-45
	android:theme
		ADDED from src\main\AndroidManifest.xml:154:13-44
	android:name
		ADDED from src\main\AndroidManifest.xml:152:13-43
receiver#com.duan.musicoco.service.HeadphoneWireControlReceiver
ADDED from src\main\AndroidManifest.xml:156:9-160:20
	android:name
		ADDED from src\main\AndroidManifest.xml:156:19-71
intent-filter#action:name:android.intent.action.MEDIA_BUTTON
ADDED from src\main\AndroidManifest.xml:157:13-159:29
	android:priority
		ADDED from src\main\AndroidManifest.xml:157:28-51
action#android.intent.action.MEDIA_BUTTON
ADDED from src\main\AndroidManifest.xml:158:17-77
	android:name
		ADDED from src\main\AndroidManifest.xml:158:25-74
uses-sdk
INJECTED from src\main\AndroidManifest.xml reason: use-sdk injection requested
INJECTED from src\main\AndroidManifest.xml
INJECTED from src\main\AndroidManifest.xml
MERGED from [com.android.support.constraint:constraint-layout:1.1.3] AndroidManifest.xml:5:5-7:41
MERGED from [com.android.support.constraint:constraint-layout:1.1.3] AndroidManifest.xml:5:5-7:41
MERGED from [com.android.support:palette-v7:27.1.1] AndroidManifest.xml:20:5-44
MERGED from [com.android.support:palette-v7:27.1.1] AndroidManifest.xml:20:5-44
MERGED from [com.android.support:design:27.1.1] AndroidManifest.xml:20:5-44
MERGED from [com.android.support:design:27.1.1] AndroidManifest.xml:20:5-44
MERGED from [com.android.support:appcompat-v7:27.1.1] AndroidManifest.xml:20:5-44
MERGED from [com.android.support:appcompat-v7:27.1.1] AndroidManifest.xml:20:5-44
MERGED from [com.android.support:cardview-v7:27.1.1] AndroidManifest.xml:20:5-44
MERGED from [com.android.support:cardview-v7:27.1.1] AndroidManifest.xml:20:5-44
MERGED from [io.reactivex:rxandroid:1.0.1] AndroidManifest.xml:19:5-43
MERGED from [io.reactivex:rxandroid:1.0.1] AndroidManifest.xml:19:5-43
MERGED from [com.victor:lib:1.0.4] AndroidManifest.xml:7:5-9:41
MERGED from [com.victor:lib:1.0.4] AndroidManifest.xml:7:5-9:41
MERGED from [jp.wasabeef:glide-transformations:2.0.2] AndroidManifest.xml:8:5-10:41
MERGED from [jp.wasabeef:glide-transformations:2.0.2] AndroidManifest.xml:8:5-10:41
MERGED from [jp.co.cyberagent.android.gpuimage:gpuimage-library:1.4.1] AndroidManifest.xml:8:5-10:41
MERGED from [jp.co.cyberagent.android.gpuimage:gpuimage-library:1.4.1] AndroidManifest.xml:8:5-10:41
MERGED from [com.android.support:animated-vector-drawable:27.1.1] AndroidManifest.xml:20:5-44
MERGED from [com.android.support:animated-vector-drawable:27.1.1] AndroidManifest.xml:20:5-44
MERGED from [com.android.support:support-vector-drawable:27.1.1] AndroidManifest.xml:20:5-44
MERGED from [com.android.support:support-vector-drawable:27.1.1] AndroidManifest.xml:20:5-44
MERGED from [com.android.support:support-v4:27.1.1] AndroidManifest.xml:20:5-44
MERGED from [com.android.support:support-v4:27.1.1] AndroidManifest.xml:20:5-44
MERGED from [com.android.support:support-fragment:27.1.1] AndroidManifest.xml:20:5-44
MERGED from [com.android.support:support-fragment:27.1.1] AndroidManifest.xml:20:5-44
MERGED from [com.android.support:recyclerview-v7:27.1.1] AndroidManifest.xml:20:5-44
MERGED from [com.android.support:recyclerview-v7:27.1.1] AndroidManifest.xml:20:5-44
MERGED from [com.android.support:support-core-ui:27.1.1] AndroidManifest.xml:20:5-44
MERGED from [com.android.support:support-core-ui:27.1.1] AndroidManifest.xml:20:5-44
MERGED from [com.android.support:support-core-utils:27.1.1] AndroidManifest.xml:20:5-44
MERGED from [com.android.support:support-core-utils:27.1.1] AndroidManifest.xml:20:5-44
MERGED from [com.android.support:transition:27.1.1] AndroidManifest.xml:20:5-44
MERGED from [com.android.support:transition:27.1.1] AndroidManifest.xml:20:5-44
MERGED from [com.android.support:support-media-compat:27.1.1] AndroidManifest.xml:20:5-44
MERGED from [com.android.support:support-media-compat:27.1.1] AndroidManifest.xml:20:5-44
MERGED from [com.android.support:support-compat:27.1.1] AndroidManifest.xml:20:5-44
MERGED from [com.android.support:support-compat:27.1.1] AndroidManifest.xml:20:5-44
MERGED from [android.arch.lifecycle:runtime:1.1.0] AndroidManifest.xml:20:5-44
MERGED from [android.arch.lifecycle:runtime:1.1.0] AndroidManifest.xml:20:5-44
MERGED from [android.arch.lifecycle:livedata-core:1.1.0] AndroidManifest.xml:20:5-44
MERGED from [android.arch.lifecycle:livedata-core:1.1.0] AndroidManifest.xml:20:5-44
MERGED from [android.arch.lifecycle:viewmodel:1.1.0] AndroidManifest.xml:20:5-44
MERGED from [android.arch.lifecycle:viewmodel:1.1.0] AndroidManifest.xml:20:5-44
MERGED from [android.arch.core:runtime:1.1.0] AndroidManifest.xml:20:5-44
MERGED from [android.arch.core:runtime:1.1.0] AndroidManifest.xml:20:5-44
INJECTED from src\main\AndroidManifest.xml
INJECTED from src\main\AndroidManifest.xml
	android:targetSdkVersion
		INJECTED from src\main\AndroidManifest.xml
		ADDED from src\main\AndroidManifest.xml
		INJECTED from src\main\AndroidManifest.xml
	android:minSdkVersion
		INJECTED from src\main\AndroidManifest.xml
		ADDED from src\main\AndroidManifest.xml
		INJECTED from src\main\AndroidManifest.xml
meta-data#android.support.FILE_PROVIDER_PATHS
ADDED from src\main\AndroidManifest.xml:166:13-168:58
	android:resource
		ADDED from src\main\AndroidManifest.xml:168:17-55
	android:name
		ADDED from src\main\AndroidManifest.xml:167:17-67